#
# There is insufficient memory for the Java Runtime Environment to continue.
# Native memory allocation (malloc) failed to allocate 41680896 bytes for committing reserved memory.
# Possible reasons:
#   The system is out of physical RAM or swap space
#   In 32 bit mode, the process size limit was hit
# Possible solutions:
#   Reduce memory load on the system
#   Increase physical memory or swap space
#   Check if swap backing store is full
#   Use 64 bit Java on a 64 bit OS
#   Decrease Java heap size (-Xmx/-Xms)
#   Decrease number of Java threads
#   Decrease Java thread stack sizes (-Xss)
#   Set larger code cache with -XX:ReservedCodeCacheSize=
# This output file may be truncated or incomplete.
#
#  Out of Memory Error (os_linux.cpp:2756), pid=6259, tid=3061943104
#
# JRE version:  (7.0_80-b15) (build )
# Java VM: Java HotSpot(TM) Server VM (24.80-b11 mixed mode linux-x86 )
# Failed to write core dump. Core dumps have been disabled. To enable core dumping, try "ulimit -c unlimited" before starting Java again
#

---------------  T H R E A D  ---------------

Current thread (0xb6607000):  JavaThread "Unknown thread" [_thread_in_vm, id=6266, stack(0xb67c8000,0xb6819000)]

Stack: [0xb67c8000,0xb6819000],  sp=0xb6817b20,  free space=318k
Native frames: (J=compiled Java code, j=interpreted, Vv=VM code, C=native code)
V  [libjvm.so+0x7ea656]  VMError::report_and_die()+0x1a6
V  [libjvm.so+0x33eb82]  report_vm_out_of_memory(char const*, int, unsigned int, char const*)+0x72
V  [libjvm.so+0x687fb1]  os::Linux::commit_memory_impl(char*, unsigned int, bool)+0xe1
V  [libjvm.so+0x688478]  os::pd_commit_memory(char*, unsigned int, unsigned int, bool)+0x28
V  [libjvm.so+0x681b2c]  os::commit_memory(char*, unsigned int, unsigned int, bool)+0x2c
V  [libjvm.so+0x6ea8d8]  PSVirtualSpace::expand_by(unsigned int)+0x48
V  [libjvm.so+0x6dc6dd]  PSOldGen::initialize(ReservedSpace, unsigned int, char const*, int)+0x7d
V  [libjvm.so+0x187f26]  AdjoiningGenerations::AdjoiningGenerations(ReservedSpace, unsigned int, unsigned int, unsigned int, unsigned int, unsigned int, unsigned int, unsigned int)+0x2a6
V  [libjvm.so+0x6a7af4]  ParallelScavengeHeap::initialize()+0x3b4
V  [libjvm.so+0x7bd1c4]  Universe::initialize_heap()+0xa4
V  [libjvm.so+0x7be7f5]  universe_init()+0x55
V  [libjvm.so+0x452775]  init_globals()+0x55
V  [libjvm.so+0x7a73b0]  Threads::create_vm(JavaVMInitArgs*, bool*)+0x200
V  [libjvm.so+0x4c544c]  JNI_CreateJavaVM+0x5c
C  [libjli.so+0x2688]  JavaMain+0x98
C  [libpthread.so.0+0x6f70]  start_thread+0xd0


---------------  P R O C E S S  ---------------

Java Threads: ( => current thread )

Other Threads:

=>0xb6607000 (exited) JavaThread "Unknown thread" [_thread_in_vm, id=6266, stack(0xb67c8000,0xb6819000)]

VM state:not at safepoint (not fully initialized)

VM Mutex/Monitor currently owned by a thread: None

GC Heap History (0 events):
No events

Deoptimization events (0 events):
No events

Internal exceptions (0 events):
No events

Events (0 events):
No events


Dynamic libraries:
08048000-08049000 r-xp 00000000 08:05 4206729    /usr/lib/jvm/java-7-oracle/jre/bin/java
08049000-0804a000 rw-p 00000000 08:05 4206729    /usr/lib/jvm/java-7-oracle/jre/bin/java
0960e000-0962f000 rw-p 00000000 00:00 0          [heap]
73540000-7369f000 rw-p 00000000 00:00 0 
7369f000-736aa000 rw-p 00000000 00:00 0 
736aa000-7373f000 rw-p 00000000 00:00 0 
7373f000-73740000 rw-p 00000000 00:00 0 
73740000-77740000 rw-p 00000000 00:00 0 
79ce4000-79f00000 rw-p 00000000 00:00 0 
79f00000-9f5c0000 rw-p 00000000 00:00 0 
9f5c0000-a09c0000 rw-p 00000000 00:00 0 
a09c0000-b3540000 rw-p 00000000 00:00 0 
b3540000-b3549000 rw-p 00000000 00:00 0 
b3549000-b3600000 rw-p 00000000 00:00 0 
b3600000-b3840000 rwxp 00000000 00:00 0 
b3840000-b6621000 rw-p 00000000 00:00 0 
b6621000-b6700000 ---p 00000000 00:00 0 
b6749000-b6754000 r-xp 00000000 08:05 1749875    /lib/i386-linux-gnu/libnss_files-2.19.so
b6754000-b6755000 r--p 0000a000 08:05 1749875    /lib/i386-linux-gnu/libnss_files-2.19.so
b6755000-b6756000 rw-p 0000b000 08:05 1749875    /lib/i386-linux-gnu/libnss_files-2.19.so
b6756000-b6760000 r-xp 00000000 08:05 1749861    /lib/i386-linux-gnu/libnss_nis-2.19.so
b6760000-b6761000 r--p 00009000 08:05 1749861    /lib/i386-linux-gnu/libnss_nis-2.19.so
b6761000-b6762000 rw-p 0000a000 08:05 1749861    /lib/i386-linux-gnu/libnss_nis-2.19.so
b6762000-b6777000 r-xp 00000000 08:05 1749862    /lib/i386-linux-gnu/libnsl-2.19.so
b6777000-b6778000 r--p 00015000 08:05 1749862    /lib/i386-linux-gnu/libnsl-2.19.so
b6778000-b6779000 rw-p 00016000 08:05 1749862    /lib/i386-linux-gnu/libnsl-2.19.so
b6779000-b677b000 rw-p 00000000 00:00 0 
b6781000-b6783000 rw-p 00000000 00:00 0 
b6783000-b679a000 r-xp 00000000 08:05 3995392    /usr/lib/jvm/java-7-oracle/jre/lib/i386/libzip.so
b679a000-b679b000 rw-p 00016000 08:05 3995392    /usr/lib/jvm/java-7-oracle/jre/lib/i386/libzip.so
b679b000-b67be000 r-xp 00000000 08:05 3995382    /usr/lib/jvm/java-7-oracle/jre/lib/i386/libjava.so
b67be000-b67bf000 rw-p 00023000 08:05 3995382    /usr/lib/jvm/java-7-oracle/jre/lib/i386/libjava.so
b67bf000-b67c6000 r-xp 00000000 08:05 1749876    /lib/i386-linux-gnu/librt-2.19.so
b67c6000-b67c7000 r--p 00006000 08:05 1749876    /lib/i386-linux-gnu/librt-2.19.so
b67c7000-b67c8000 rw-p 00007000 08:05 1749876    /lib/i386-linux-gnu/librt-2.19.so
b67c8000-b67cb000 ---p 00000000 00:00 0 
b67cb000-b6819000 rw-p 00000000 00:00 0          [stack:6266]
b6819000-b685d000 r-xp 00000000 08:05 1749866    /lib/i386-linux-gnu/libm-2.19.so
b685d000-b685e000 r--p 00043000 08:05 1749866    /lib/i386-linux-gnu/libm-2.19.so
b685e000-b685f000 rw-p 00044000 08:05 1749866    /lib/i386-linux-gnu/libm-2.19.so
b685f000-b70e6000 r-xp 00000000 08:05 4197847    /usr/lib/jvm/java-7-oracle/jre/lib/i386/server/libjvm.so
b70e6000-b714a000 rw-p 00886000 08:05 4197847    /usr/lib/jvm/java-7-oracle/jre/lib/i386/server/libjvm.so
b714a000-b756e000 rw-p 00000000 00:00 0 
b756e000-b7716000 r-xp 00000000 08:05 1705035    /lib/i386-linux-gnu/libc-2.19.so
b7716000-b7718000 r--p 001a8000 08:05 1705035    /lib/i386-linux-gnu/libc-2.19.so
b7718000-b7719000 rw-p 001aa000 08:05 1705035    /lib/i386-linux-gnu/libc-2.19.so
b7719000-b771c000 rw-p 00000000 00:00 0 
b771c000-b771f000 r-xp 00000000 08:05 1749859    /lib/i386-linux-gnu/libdl-2.19.so
b771f000-b7720000 r--p 00002000 08:05 1749859    /lib/i386-linux-gnu/libdl-2.19.so
b7720000-b7721000 rw-p 00003000 08:05 1749859    /lib/i386-linux-gnu/libdl-2.19.so
b7721000-b7722000 rw-p 00000000 00:00 0 
b7722000-b7736000 r-xp 00000000 08:05 4197890    /usr/lib/jvm/java-7-oracle/jre/lib/i386/jli/libjli.so
b7736000-b7737000 rw-p 00013000 08:05 4197890    /usr/lib/jvm/java-7-oracle/jre/lib/i386/jli/libjli.so
b7737000-b774f000 r-xp 00000000 08:05 1749871    /lib/i386-linux-gnu/libpthread-2.19.so
b774f000-b7750000 r--p 00018000 08:05 1749871    /lib/i386-linux-gnu/libpthread-2.19.so
b7750000-b7751000 rw-p 00019000 08:05 1749871    /lib/i386-linux-gnu/libpthread-2.19.so
b7751000-b7754000 rw-p 00000000 00:00 0 
b7754000-b775c000 rw-s 00000000 08:05 1836161    /tmp/hsperfdata_root/6259
b775c000-b7763000 r-xp 00000000 08:05 1749867    /lib/i386-linux-gnu/libnss_compat-2.19.so
b7763000-b7764000 r--p 00006000 08:05 1749867    /lib/i386-linux-gnu/libnss_compat-2.19.so
b7764000-b7765000 rw-p 00007000 08:05 1749867    /lib/i386-linux-gnu/libnss_compat-2.19.so
b7765000-b7766000 rw-p 00000000 00:00 0 
b7766000-b7767000 r--p 00000000 00:00 0 
b7767000-b7772000 r-xp 00000000 08:05 3995391    /usr/lib/jvm/java-7-oracle/jre/lib/i386/libverify.so
b7772000-b7773000 rw-p 0000b000 08:05 3995391    /usr/lib/jvm/java-7-oracle/jre/lib/i386/libverify.so
b7773000-b7775000 rw-p 00000000 00:00 0 
b7775000-b7776000 r-xp 00000000 00:00 0          [vdso]
b7776000-b7796000 r-xp 00000000 08:05 1749860    /lib/i386-linux-gnu/ld-2.19.so
b7796000-b7797000 r--p 0001f000 08:05 1749860    /lib/i386-linux-gnu/ld-2.19.so
b7797000-b7798000 rw-p 00020000 08:05 1749860    /lib/i386-linux-gnu/ld-2.19.so
bfbe4000-bfbe5000 rwxp 00000000 00:00 0 
bfc17000-bfc38000 rw-p 00000000 00:00 0          [stack]

VM Arguments:
java_command: <unknown>
Launcher Type: SUN_STANDARD

Environment Variables:
JAVA_HOME=/usr/lib/jvm/java-7-oracle
PATH=/usr/local/heroku/bin:/usr/local/sbin:/usr/local/bin:/usr/sbin:/usr/bin:/sbin:/bin:/home/mickfuzz/android-sdks/tools:/home/mickfuzz/android-sdks/platform-tools
USERNAME=root
SHELL=/bin/bash
DISPLAY=:0

Signal Handlers:
SIGSEGV: [libjvm.so+0x7eb160], sa_mask[0]=0x7ffbfeff, sa_flags=0x10000004
SIGBUS: [libjvm.so+0x7eb160], sa_mask[0]=0x7ffbfeff, sa_flags=0x10000004
SIGFPE: [libjvm.so+0x684ac0], sa_mask[0]=0x7ffbfeff, sa_flags=0x10000004
SIGPIPE: [libjvm.so+0x684ac0], sa_mask[0]=0x7ffbfeff, sa_flags=0x10000004
SIGXFSZ: [libjvm.so+0x684ac0], sa_mask[0]=0x7ffbfeff, sa_flags=0x10000004
SIGILL: [libjvm.so+0x684ac0], sa_mask[0]=0x7ffbfeff, sa_flags=0x10000004
SIGUSR1: SIG_DFL, sa_mask[0]=0x00000000, sa_flags=0x00000000
SIGUSR2: [libjvm.so+0x686330], sa_mask[0]=0x00000000, sa_flags=0x10000004
SIGHUP: SIG_DFL, sa_mask[0]=0x00000000, sa_flags=0x00000000
SIGINT: SIG_DFL, sa_mask[0]=0x00000000, sa_flags=0x00000000
SIGTERM: SIG_DFL, sa_mask[0]=0x00000000, sa_flags=0x00000000
SIGQUIT: SIG_DFL, sa_mask[0]=0x00000000, sa_flags=0x00000000


---------------  S Y S T E M  ---------------

OS:jessie/sid

uname:Linux 3.13.0-68-generic #111-Ubuntu SMP Fri Nov 6 18:18:09 UTC 2015 i686
libc:glibc 2.19 NPTL 2.19 
rlimit: STACK 8192k, CORE 0k, NPROC 30497, NOFILE 4096, AS infinity
load average:1.65 2.20 2.09

/proc/meminfo:
MemTotal:        3922992 kB
MemFree:          203076 kB
Buffers:            5944 kB
Cached:           497364 kB
SwapCached:            0 kB
Active:          3140920 kB
Inactive:         477800 kB
Active(anon):    3118524 kB
Inactive(anon):   446580 kB
Active(file):      22396 kB
Inactive(file):    31220 kB
Unevictable:         124 kB
Mlocked:             124 kB
HighTotal:       3072068 kB
HighFree:          53872 kB
LowTotal:         850924 kB
LowFree:          149204 kB
SwapTotal:             0 kB
SwapFree:              0 kB
Dirty:               188 kB
Writeback:             0 kB
AnonPages:       3115600 kB
Mapped:           129200 kB
Shmem:            449656 kB
Slab:              47068 kB
SReclaimable:      19676 kB
SUnreclaim:        27392 kB
KernelStack:        6200 kB
PageTables:        27576 kB
NFS_Unstable:          0 kB
Bounce:               56 kB
WritebackTmp:          0 kB
CommitLimit:     1961496 kB
Committed_AS:    9241080 kB
VmallocTotal:     122880 kB
VmallocUsed:       21164 kB
VmallocChunk:      94976 kB
HardwareCorrupted:     0 kB
AnonHugePages:   1163264 kB
HugePages_Total:       0
HugePages_Free:        0
HugePages_Rsvd:        0
HugePages_Surp:        0
Hugepagesize:       2048 kB
DirectMap4k:       22520 kB
DirectMap2M:      890880 kB


CPU:total 4 (2 cores per cpu, 2 threads per core) family 6 model 37 stepping 5, cmov, cx8, fxsr, mmx, sse, sse2, sse3, ssse3, sse4.1, sse4.2, popcnt, aes, ht, tsc, tscinvbit

/proc/cpuinfo:
processor	: 0
vendor_id	: GenuineIntel
cpu family	: 6
model		: 37
model name	: Intel(R) Core(TM) i5 CPU       M 560  @ 2.67GHz
stepping	: 5
microcode	: 0x2
cpu MHz		: 1199.000
cache size	: 3072 KB
physical id	: 0
siblings	: 4
core id		: 0
cpu cores	: 2
apicid		: 0
initial apicid	: 0
fdiv_bug	: no
f00f_bug	: no
coma_bug	: no
fpu		: yes
fpu_exception	: yes
cpuid level	: 11
wp		: yes
flags		: fpu vme de pse tsc msr pae mce cx8 apic sep mtrr pge mca cmov pat pse36 clflush dts acpi mmx fxsr sse sse2 ss ht tm pbe nx rdtscp lm constant_tsc arch_perfmon pebs bts xtopology nonstop_tsc aperfmperf pni pclmulqdq dtes64 monitor ds_cpl vmx smx est tm2 ssse3 cx16 xtpr pdcm pcid sse4_1 sse4_2 popcnt aes lahf_lm ida arat dtherm tpr_shadow vnmi flexpriority ept vpid
bogomips	: 5320.12
clflush size	: 64
cache_alignment	: 64
address sizes	: 36 bits physical, 48 bits virtual
power management:

processor	: 1
vendor_id	: GenuineIntel
cpu family	: 6
model		: 37
model name	: Intel(R) Core(TM) i5 CPU       M 560  @ 2.67GHz
stepping	: 5
microcode	: 0x2
cpu MHz		: 2667.000
cache size	: 3072 KB
physical id	: 0
siblings	: 4
core id		: 0
cpu cores	: 2
apicid		: 1
initial apicid	: 1
fdiv_bug	: no
f00f_bug	: no
coma_bug	: no
fpu		: yes
fpu_exception	: yes
cpuid level	: 11
wp		: yes
flags		: fpu vme de pse tsc msr pae mce cx8 apic sep mtrr pge mca cmov pat pse36 clflush dts acpi mmx fxsr sse sse2 ss ht tm pbe nx rdtscp lm constant_tsc arch_perfmon pebs bts xtopology nonstop_tsc aperfmperf pni pclmulqdq dtes64 monitor ds_cpl vmx smx est tm2 ssse3 cx16 xtpr pdcm pcid sse4_1 sse4_2 popcnt aes lahf_lm ida arat dtherm tpr_shadow vnmi flexpriority ept vpid
bogomips	: 5320.12
clflush size	: 64
cache_alignment	: 64
address sizes	: 36 bits physical, 48 bits virtual
power management:

processor	: 2
vendor_id	: GenuineIntel
cpu family	: 6
model		: 37
model name	: Intel(R) Core(TM) i5 CPU       M 560  @ 2.67GHz
stepping	: 5
microcode	: 0x2
cpu MHz		: 1599.000
cache size	: 3072 KB
physical id	: 0
siblings	: 4
core id		: 2
cpu cores	: 2
apicid		: 4
initial apicid	: 4
fdiv_bug	: no
f00f_bug	: no
coma_bug	: no
fpu		: yes
fpu_exception	: yes
cpuid level	: 11
wp		: yes
flags		: fpu vme de pse tsc msr pae mce cx8 apic sep mtrr pge mca cmov pat pse36 clflush dts acpi mmx fxsr sse sse2 ss ht tm pbe nx rdtscp lm constant_tsc arch_perfmon pebs bts xtopology nonstop_tsc aperfmperf pni pclmulqdq dtes64 monitor ds_cpl vmx smx est tm2 ssse3 cx16 xtpr pdcm pcid sse4_1 sse4_2 popcnt aes lahf_lm ida arat dtherm tpr_shadow vnmi flexpriority ept vpid
bogomips	: 5320.12
clflush size	: 64
cache_alignment	: 64
address sizes	: 36 bits physical, 48 bits virtual
power management:

processor	: 3
vendor_id	: GenuineIntel
cpu family	: 6
model		: 37
model name	: Intel(R) Core(TM) i5 CPU       M 560  @ 2.67GHz
stepping	: 5
microcode	: 0x2
cpu MHz		: 1199.000
cache size	: 3072 KB
physical id	: 0
siblings	: 4
core id		: 2
cpu cores	: 2
apicid		: 5
initial apicid	: 5
fdiv_bug	: no
f00f_bug	: no
coma_bug	: no
fpu		: yes
fpu_exception	: yes
cpuid level	: 11
wp		: yes
flags		: fpu vme de pse tsc msr pae mce cx8 apic sep mtrr pge mca cmov pat pse36 clflush dts acpi mmx fxsr sse sse2 ss ht tm pbe nx rdtscp lm constant_tsc arch_perfmon pebs bts xtopology nonstop_tsc aperfmperf pni pclmulqdq dtes64 monitor ds_cpl vmx smx est tm2 ssse3 cx16 xtpr pdcm pcid sse4_1 sse4_2 popcnt aes lahf_lm ida arat dtherm tpr_shadow vnmi flexpriority ept vpid
bogomips	: 5320.12
clflush size	: 64
cache_alignment	: 64
address sizes	: 36 bits physical, 48 bits virtual
power management:



Memory: 4k page, physical 3922992k(203076k free), swap 0k(0k free)

vm_info: Java HotSpot(TM) Server VM (24.80-b11) for linux-x86 JRE (1.7.0_80-b15), built on Apr 10 2015 12:29:10 by "java_re" with gcc 4.3.0 20080428 (Red Hat 4.3.0-8)

time: Wed Dec  2 21:16:09 2015
elapsed time: 0 seconds

